[0916/164420.313:ERROR:process_reader_win.cc(151)] SuspendThread: Access is denied. (0x5)
[0916/164420.462:ERROR:process_reader_win.cc(151)] SuspendThread: Access is denied. (0x5)
[0916/164420.462:ERROR:process_reader_win.cc(151)] SuspendThread: Access is denied. (0x5)
[0916/164420.462:ERROR:process_reader_win.cc(151)] SuspendThread: Access is denied. (0x5)
[0916/164420.462:ERROR:process_reader_win.cc(151)] SuspendThread: Access is denied. (0x5)
[0916/164420.462:ERROR:exception_snapshot_win.cc(99)] thread ID 5464 not found in process
[0916/164420.313:ERROR:process_reader_win.cc(151)] SuspendThread: Access is denied. (0x5)
[0916/164420.728:ERROR:process_reader_win.cc(151)] SuspendThread: Access is denied. (0x5)
[0916/164420.728:ERROR:process_reader_win.cc(151)] SuspendThread: Access is denied. (0x5)
[0916/164420.729:ERROR:process_reader_win.cc(151)] SuspendThread: Access is denied. (0x5)
[0916/164420.729:ERROR:exception_snapshot_win.cc(99)] thread ID 8612 not found in process
[0916/164420.304:ERROR:scoped_process_suspend.cc(31)] NtSuspendProcess: An attempt was made to access an exiting process. (0xc000010a)
[0916/164420.304:ERROR:scoped_process_suspend.cc(31)] NtSuspendProcess: An attempt was made to access an exiting process. (0xc000010a)
[0916/164420.304:ERROR:scoped_process_suspend.cc(31)] NtSuspendProcess: An attempt was made to access an exiting process. (0xc000010a)
[0916/164420.884:ERROR:process_info.cc(118)] ReadProcessMemory bool __cdecl crashpad::(anonymous namespace)::ReadStruct(HANDLE, crashpad::WinVMAddress, T *) [T = crashpad::process_types::PEB<crashpad::process_types::internal::Traits64>]: Only part of a ReadProcessMemory or WriteProcessMemory request was completed. (0x12B)
[0916/164420.884:ERROR:process_info.cc(118)] ReadProcessMemory bool __cdecl crashpad::(anonymous namespace)::ReadStruct(HANDLE, crashpad::WinVMAddress, T *) [T = crashpad::process_types::PEB<crashpad::process_types::internal::Traits64>]: Only part of a ReadProcessMemory or WriteProcessMemory request was completed. (0x12B)
[0916/164420.884:ERROR:process_info.cc(118)] ReadProcessMemory bool __cdecl crashpad::(anonymous namespace)::ReadStruct(HANDLE, crashpad::WinVMAddress, T *) [T = crashpad::process_types::PEB<crashpad::process_types::internal::Traits64>]: Only part of a ReadProcessMemory or WriteProcessMemory request was completed. (0x12B)
[0916/164420.884:ERROR:process_info.cc(551)] ReadProcessData failed
[0916/164420.884:ERROR:process_info.cc(551)] ReadProcessData failed
[0916/164420.884:ERROR:process_info.cc(551)] ReadProcessData failed
